2021-07-07 14:51:30 [INFO ] c.p.r.NativeLoader:64 - ********************************
2021-07-07 14:51:30 [INFO ] c.p.r.NativeLoader:65 - Native library search paths: 
2021-07-07 14:51:30 [INFO ] c.p.r.NativeLoader:948 - C:\Users\m14\AppData\Roaming\PVS-Studio-Java\7.13.48133
2021-07-07 14:51:30 [INFO ] c.p.r.NativeLoader:948 - .
2021-07-07 14:51:30 [INFO ] c.p.r.NativeLoader:948 - C:\Users\m14\AppData\Roaming\PVS-Studio-Java\7.13.48133\..
2021-07-07 14:51:30 [INFO ] c.p.r.NativeLoader:948 - C:\Users\m14\AppData\Roaming\PVS-Studio-Java\7.13.48133\..\..
2021-07-07 14:51:30 [INFO ] c.p.r.NativeLoader:948 - C:\Users\m14\AppData\Roaming\PVS-Studio-Java\7.13.48133\..\..\build
2021-07-07 14:51:30 [INFO ] c.p.r.NativeLoader:67 - Additional path: native/win
2021-07-07 14:51:30 [INFO ] c.p.r.NativeLoader:76 - Native library found: C:\Users\m14\AppData\Roaming\PVS-Studio-Java\7.13.48133\native\win\analysis-core.dll
2021-07-07 14:51:30 [INFO ] c.p.r.NativeLoader:77 - ********************************
2021-07-07 14:51:34 [INFO ] c.p.p.JsonEvaluator:49 - Module: spring2_3_1
2021-07-07 14:51:34 [INFO ] c.p.p.JsonEvaluator:50 - Sources:
2021-07-07 14:51:34 [INFO ] c.p.p.JsonEvaluator:75 - C:/Users/m14/Desktop/Java/java_mentor2_3_1-master/src/main/java
2021-07-07 14:51:34 [INFO ] c.p.p.JsonEvaluator:52 - Classpath:
2021-07-07 14:51:34 [INFO ] c.p.p.JsonEvaluator:75 - C:/Users/m14/.jdks/adopt-openjdk-15.0.2!/jdk.management.jfr
2021-07-07 14:51:34 [INFO ] c.p.p.JsonEvaluator:75 - C:/Users/m14/.jdks/adopt-openjdk-15.0.2!/jdk.internal.ed
2021-07-07 14:51:34 [INFO ] c.p.p.JsonEvaluator:75 - C:/Users/m14/.jdks/adopt-openjdk-15.0.2!/jdk.jdwp.agent
2021-07-07 14:51:34 [INFO ] c.p.p.JsonEvaluator:75 - C:/Users/m14/.jdks/adopt-openjdk-15.0.2!/jdk.jdi
2021-07-07 14:51:34 [INFO ] c.p.p.JsonEvaluator:75 - C:/Users/m14/.m2/repository/junit/junit/4.11/junit-4.11.jar
2021-07-07 14:51:34 [INFO ] c.p.p.JsonEvaluator:75 - C:/Users/m14/.m2/repository/org/springframework/spring-tx/5.2.0.RELEASE/spring-tx-5.2.0.RELEASE.jar
2021-07-07 14:51:34 [INFO ] c.p.p.JsonEvaluator:75 - C:/Users/m14/.jdks/adopt-openjdk-15.0.2!/java.xml
2021-07-07 14:51:34 [INFO ] c.p.p.JsonEvaluator:75 - C:/Users/m14/.jdks/adopt-openjdk-15.0.2!/jdk.incubator.foreign
2021-07-07 14:51:34 [INFO ] c.p.p.JsonEvaluator:75 - C:/Users/m14/.jdks/adopt-openjdk-15.0.2!/java.instrument
2021-07-07 14:51:34 [INFO ] c.p.p.JsonEvaluator:75 - C:/Users/m14/.jdks/adopt-openjdk-15.0.2!/java.security.sasl
2021-07-07 14:51:34 [INFO ] c.p.p.JsonEvaluator:75 - C:/Users/m14/.m2/repository/org/jvnet/staxex/stax-ex/1.8/stax-ex-1.8.jar
2021-07-07 14:51:34 [INFO ] c.p.p.JsonEvaluator:75 - C:/Users/m14/.m2/repository/org/jboss/spec/javax/transaction/jboss-transaction-api_1.2_spec/1.0.1.Final/jboss-transaction-api_1.2_spec-1.0.1.Final.jar
2021-07-07 14:51:34 [INFO ] c.p.p.JsonEvaluator:75 - C:/Users/m14/.m2/repository/org/springframework/spring-expression/5.2.6.RELEASE/spring-expression-5.2.6.RELEASE.jar
2021-07-07 14:51:34 [INFO ] c.p.p.JsonEvaluator:75 - C:/Users/m14/.m2/repository/org/springframework/spring-orm/5.2.0.RELEASE/spring-orm-5.2.0.RELEASE.jar
2021-07-07 14:51:34 [INFO ] c.p.p.JsonEvaluator:75 - C:/Users/m14/.jdks/adopt-openjdk-15.0.2!/jdk.jshell
2021-07-07 14:51:34 [INFO ] c.p.p.JsonEvaluator:75 - C:/Users/m14/.m2/repository/org/glassfish/jaxb/jaxb-runtime/2.3.1/jaxb-runtime-2.3.1.jar
2021-07-07 14:51:34 [INFO ] c.p.p.JsonEvaluator:75 - C:/Users/m14/.m2/repository/javax/servlet/javax.servlet-api/3.0.1/javax.servlet-api-3.0.1.jar
2021-07-07 14:51:34 [INFO ] c.p.p.JsonEvaluator:75 - C:/Users/m14/.jdks/adopt-openjdk-15.0.2!/java.net.http
2021-07-07 14:51:34 [INFO ] c.p.p.JsonEvaluator:75 - C:/Users/m14/.m2/repository/antlr/antlr/2.7.7/antlr-2.7.7.jar
2021-07-07 14:51:34 [INFO ] c.p.p.JsonEvaluator:75 - C:/Users/m14/.m2/repository/net/bytebuddy/byte-buddy/1.6.6/byte-buddy-1.6.6.jar
2021-07-07 14:51:34 [INFO ] c.p.p.JsonEvaluator:75 - C:/Users/m14/.jdks/adopt-openjdk-15.0.2!/java.base
2021-07-07 14:51:34 [INFO ] c.p.p.JsonEvaluator:75 - C:/Users/m14/.jdks/adopt-openjdk-15.0.2!/jdk.javadoc
2021-07-07 14:51:34 [INFO ] c.p.p.JsonEvaluator:75 - C:/Users/m14/.jdks/adopt-openjdk-15.0.2!/jdk.hotspot.agent
2021-07-07 14:51:34 [INFO ] c.p.p.JsonEvaluator:75 - C:/Users/m14/.jdks/adopt-openjdk-15.0.2!/jdk.unsupported
2021-07-07 14:51:34 [INFO ] c.p.p.JsonEvaluator:75 - C:/Users/m14/.jdks/adopt-openjdk-15.0.2!/java.management
2021-07-07 14:51:34 [INFO ] c.p.p.JsonEvaluator:75 - C:/Users/m14/.jdks/adopt-openjdk-15.0.2!/jdk.internal.le
2021-07-07 14:51:34 [INFO ] c.p.p.JsonEvaluator:75 - C:/Users/m14/.jdks/adopt-openjdk-15.0.2!/jdk.security.auth
2021-07-07 14:51:34 [INFO ] c.p.p.JsonEvaluator:75 - C:/Users/m14/.jdks/adopt-openjdk-15.0.2!/java.security.jgss
2021-07-07 14:51:34 [INFO ] c.p.p.JsonEvaluator:75 - C:/Users/m14/.m2/repository/org/jboss/logging/jboss-logging/3.3.0.Final/jboss-logging-3.3.0.Final.jar
2021-07-07 14:51:34 [INFO ] c.p.p.JsonEvaluator:75 - C:/Users/m14/.m2/repository/org/springframework/spring-context/5.2.6.RELEASE/spring-context-5.2.6.RELEASE.jar
2021-07-07 14:51:34 [INFO ] c.p.p.JsonEvaluator:75 - C:/Users/m14/.m2/repository/org/hibernate/hibernate-core/5.2.9.Final/hibernate-core-5.2.9.Final.jar
2021-07-07 14:51:34 [INFO ] c.p.p.JsonEvaluator:75 - C:/Users/m14/.m2/repository/jstl/jstl/1.2/jstl-1.2.jar
2021-07-07 14:51:34 [INFO ] c.p.p.JsonEvaluator:75 - C:/Users/m14/.m2/repository/com/sun/xml/fastinfoset/FastInfoset/1.2.15/FastInfoset-1.2.15.jar
2021-07-07 14:51:34 [INFO ] c.p.p.JsonEvaluator:75 - C:/Users/m14/.jdks/adopt-openjdk-15.0.2!/jdk.security.jgss
2021-07-07 14:51:34 [INFO ] c.p.p.JsonEvaluator:75 - C:/Users/m14/.jdks/adopt-openjdk-15.0.2!/jdk.internal.jvmstat
2021-07-07 14:51:34 [INFO ] c.p.p.JsonEvaluator:75 - C:/Users/m14/.jdks/adopt-openjdk-15.0.2!/jdk.crypto.ec
2021-07-07 14:51:34 [INFO ] c.p.p.JsonEvaluator:75 - C:/Users/m14/.jdks/adopt-openjdk-15.0.2!/jdk.accessibility
2021-07-07 14:51:34 [INFO ] c.p.p.JsonEvaluator:75 - C:/Users/m14/.m2/repository/org/springframework/spring-aop/5.2.6.RELEASE/spring-aop-5.2.6.RELEASE.jar
2021-07-07 14:51:34 [INFO ] c.p.p.JsonEvaluator:75 - C:/Users/m14/.jdks/adopt-openjdk-15.0.2!/java.transaction.xa
2021-07-07 14:51:34 [INFO ] c.p.p.JsonEvaluator:75 - C:/Users/m14/.m2/repository/org/springframework/spring-core/5.2.6.RELEASE/spring-core-5.2.6.RELEASE.jar
2021-07-07 14:51:34 [INFO ] c.p.p.JsonEvaluator:75 - C:/Users/m14/.jdks/adopt-openjdk-15.0.2!/java.naming
2021-07-07 14:51:34 [INFO ] c.p.p.JsonEvaluator:75 - C:/Users/m14/.jdks/adopt-openjdk-15.0.2!/jdk.internal.vm.compiler
2021-07-07 14:51:34 [INFO ] c.p.p.JsonEvaluator:75 - C:/Users/m14/.m2/repository/org/springframework/spring-web/5.2.6.RELEASE/spring-web-5.2.6.RELEASE.jar
2021-07-07 14:51:34 [INFO ] c.p.p.JsonEvaluator:75 - C:/Users/m14/.jdks/adopt-openjdk-15.0.2!/jdk.jstatd
2021-07-07 14:51:34 [INFO ] c.p.p.JsonEvaluator:75 - C:/Users/m14/.jdks/adopt-openjdk-15.0.2!/jdk.aot
2021-07-07 14:51:34 [INFO ] c.p.p.JsonEvaluator:75 - C:/Users/m14/.jdks/adopt-openjdk-15.0.2!/java.compiler
2021-07-07 14:51:34 [INFO ] c.p.p.JsonEvaluator:75 - C:/Users/m14/.jdks/adopt-openjdk-15.0.2!/jdk.localedata
2021-07-07 14:51:34 [INFO ] c.p.p.JsonEvaluator:75 - C:/Users/m14/.jdks/adopt-openjdk-15.0.2!/jdk.naming.dns
2021-07-07 14:51:34 [INFO ] c.p.p.JsonEvaluator:75 - C:/Users/m14/.jdks/adopt-openjdk-15.0.2!/java.datatransfer
2021-07-07 14:51:34 [INFO ] c.p.p.JsonEvaluator:75 - C:/Users/m14/.jdks/adopt-openjdk-15.0.2!/jdk.management
2021-07-07 14:51:34 [INFO ] c.p.p.JsonEvaluator:75 - C:/Users/m14/.m2/repository/mysql/mysql-connector-java/8.0.19/mysql-connector-java-8.0.19.jar
2021-07-07 14:51:34 [INFO ] c.p.p.JsonEvaluator:75 - C:/Users/m14/.jdks/adopt-openjdk-15.0.2!/jdk.internal.vm.ci
2021-07-07 14:51:34 [INFO ] c.p.p.JsonEvaluator:75 - C:/Users/m14/.jdks/adopt-openjdk-15.0.2!/jdk.charsets
2021-07-07 14:51:34 [INFO ] c.p.p.JsonEvaluator:75 - C:/Users/m14/.m2/repository/org/springframework/spring-beans/5.2.6.RELEASE/spring-beans-5.2.6.RELEASE.jar
2021-07-07 14:51:34 [INFO ] c.p.p.JsonEvaluator:75 - C:/Users/m14/.m2/repository/org/glassfish/jaxb/txw2/2.3.1/txw2-2.3.1.jar
2021-07-07 14:51:34 [INFO ] c.p.p.JsonEvaluator:75 - C:/Users/m14/.jdks/adopt-openjdk-15.0.2!/java.desktop
2021-07-07 14:51:34 [INFO ] c.p.p.JsonEvaluator:75 - C:/Users/m14/.jdks/adopt-openjdk-15.0.2!/jdk.internal.opt
2021-07-07 14:51:34 [INFO ] c.p.p.JsonEvaluator:75 - C:/Users/m14/.jdks/adopt-openjdk-15.0.2!/jdk.management.agent
2021-07-07 14:51:34 [INFO ] c.p.p.JsonEvaluator:75 - C:/Users/m14/.m2/repository/org/jboss/jandex/2.0.3.Final/jandex-2.0.3.Final.jar
2021-07-07 14:51:34 [INFO ] c.p.p.JsonEvaluator:75 - C:/Users/m14/.jdks/adopt-openjdk-15.0.2!/jdk.naming.rmi
2021-07-07 14:51:34 [INFO ] c.p.p.JsonEvaluator:75 - C:/Users/m14/.jdks/adopt-openjdk-15.0.2!/jdk.xml.dom
2021-07-07 14:51:34 [INFO ] c.p.p.JsonEvaluator:75 - C:/Users/m14/.jdks/adopt-openjdk-15.0.2!/jdk.jsobject
2021-07-07 14:51:34 [INFO ] c.p.p.JsonEvaluator:75 - C:/Users/m14/.jdks/adopt-openjdk-15.0.2!/jdk.attach
2021-07-07 14:51:34 [INFO ] c.p.p.JsonEvaluator:75 - C:/Users/m14/.jdks/adopt-openjdk-15.0.2!/jdk.crypto.mscapi
2021-07-07 14:51:34 [INFO ] c.p.p.JsonEvaluator:75 - C:/Users/m14/.jdks/adopt-openjdk-15.0.2!/jdk.jcmd
2021-07-07 14:51:34 [INFO ] c.p.p.JsonEvaluator:75 - C:/Users/m14/.m2/repository/com/google/protobuf/protobuf-java/3.6.1/protobuf-java-3.6.1.jar
2021-07-07 14:51:34 [INFO ] c.p.p.JsonEvaluator:75 - C:/Users/m14/.jdks/adopt-openjdk-15.0.2!/java.prefs
2021-07-07 14:51:34 [INFO ] c.p.p.JsonEvaluator:75 - C:/Users/m14/.m2/repository/org/springframework/spring-webmvc/5.2.6.RELEASE/spring-webmvc-5.2.6.RELEASE.jar
2021-07-07 14:51:34 [INFO ] c.p.p.JsonEvaluator:75 - C:/Users/m14/.m2/repository/dom4j/dom4j/1.6.1/dom4j-1.6.1.jar
2021-07-07 14:51:34 [INFO ] c.p.p.JsonEvaluator:75 - C:/Users/m14/.jdks/adopt-openjdk-15.0.2!/jdk.sctp
2021-07-07 14:51:34 [INFO ] c.p.p.JsonEvaluator:75 - C:/Users/m14/.jdks/adopt-openjdk-15.0.2!/jdk.internal.vm.compiler.management
2021-07-07 14:51:34 [INFO ] c.p.p.JsonEvaluator:75 - C:/Users/m14/.jdks/adopt-openjdk-15.0.2!/java.xml.crypto
2021-07-07 14:51:34 [INFO ] c.p.p.JsonEvaluator:75 - C:/Users/m14/.jdks/adopt-openjdk-15.0.2!/jdk.dynalink
2021-07-07 14:51:34 [INFO ] c.p.p.JsonEvaluator:75 - C:/Users/m14/.m2/repository/org/hibernate/hibernate-entitymanager/5.2.9.Final/hibernate-entitymanager-5.2.9.Final.jar
2021-07-07 14:51:34 [INFO ] c.p.p.JsonEvaluator:75 - C:/Users/m14/.jdks/adopt-openjdk-15.0.2!/java.se
2021-07-07 14:51:34 [INFO ] c.p.p.JsonEvaluator:75 - C:/Users/m14/.jdks/adopt-openjdk-15.0.2!/jdk.jdeps
2021-07-07 14:51:34 [INFO ] c.p.p.JsonEvaluator:75 - C:/Users/m14/.jdks/adopt-openjdk-15.0.2!/jdk.crypto.cryptoki
2021-07-07 14:51:34 [INFO ] c.p.p.JsonEvaluator:75 - C:/Users/m14/.jdks/adopt-openjdk-15.0.2!/java.sql
2021-07-07 14:51:34 [INFO ] c.p.p.JsonEvaluator:75 - C:/Users/m14/.jdks/adopt-openjdk-15.0.2!/jdk.editpad
2021-07-07 14:51:34 [INFO ] c.p.p.JsonEvaluator:75 - C:/Users/m14/.jdks/adopt-openjdk-15.0.2!/jdk.jfr
2021-07-07 14:51:34 [INFO ] c.p.p.JsonEvaluator:75 - C:/Users/m14/.m2/repository/com/fasterxml/classmate/1.3.0/classmate-1.3.0.jar
2021-07-07 14:51:34 [INFO ] c.p.p.JsonEvaluator:75 - C:/Users/m14/.jdks/adopt-openjdk-15.0.2!/jdk.nio.mapmode
2021-07-07 14:51:34 [INFO ] c.p.p.JsonEvaluator:75 - C:/Users/m14/.jdks/adopt-openjdk-15.0.2!/jdk.incubator.jpackage
2021-07-07 14:51:34 [INFO ] c.p.p.JsonEvaluator:75 - C:/Users/m14/.m2/repository/org/hibernate/common/hibernate-commons-annotations/5.0.1.Final/hibernate-commons-annotations-5.0.1.Final.jar
2021-07-07 14:51:34 [INFO ] c.p.p.JsonEvaluator:75 - C:/Users/m14/.m2/repository/javax/xml/bind/jaxb-api/2.3.1/jaxb-api-2.3.1.jar
2021-07-07 14:51:34 [INFO ] c.p.p.JsonEvaluator:75 - C:/Users/m14/.m2/repository/javax/activation/javax.activation-api/1.2.0/javax.activation-api-1.2.0.jar
2021-07-07 14:51:34 [INFO ] c.p.p.JsonEvaluator:75 - C:/Users/m14/.jdks/adopt-openjdk-15.0.2!/java.sql.rowset
2021-07-07 14:51:34 [INFO ] c.p.p.JsonEvaluator:75 - C:/Users/m14/.jdks/adopt-openjdk-15.0.2!/java.scripting
2021-07-07 14:51:34 [INFO ] c.p.p.JsonEvaluator:75 - C:/Users/m14/.jdks/adopt-openjdk-15.0.2!/jdk.compiler
2021-07-07 14:51:34 [INFO ] c.p.p.JsonEvaluator:75 - C:/Users/m14/.jdks/adopt-openjdk-15.0.2!/jdk.jconsole
2021-07-07 14:51:34 [INFO ] c.p.p.JsonEvaluator:75 - C:/Users/m14/.jdks/adopt-openjdk-15.0.2!/java.logging
2021-07-07 14:51:34 [INFO ] c.p.p.JsonEvaluator:75 - C:/Users/m14/.m2/repository/org/javassist/javassist/3.20.0-GA/javassist-3.20.0-GA.jar
2021-07-07 14:51:34 [INFO ] c.p.p.JsonEvaluator:75 - C:/Users/m14/.jdks/adopt-openjdk-15.0.2!/jdk.net
2021-07-07 14:51:34 [INFO ] c.p.p.JsonEvaluator:75 - C:/Users/m14/.m2/repository/org/springframework/spring-jdbc/5.2.0.RELEASE/spring-jdbc-5.2.0.RELEASE.jar
2021-07-07 14:51:34 [INFO ] c.p.p.JsonEvaluator:75 - C:/Users/m14/.jdks/adopt-openjdk-15.0.2!/java.smartcardio
2021-07-07 14:51:34 [INFO ] c.p.p.JsonEvaluator:75 - C:/Users/m14/.m2/repository/org/springframework/spring-jcl/5.2.6.RELEASE/spring-jcl-5.2.6.RELEASE.jar
2021-07-07 14:51:34 [INFO ] c.p.p.JsonEvaluator:75 - C:/Users/m14/.jdks/adopt-openjdk-15.0.2!/jdk.zipfs
2021-07-07 14:51:34 [INFO ] c.p.p.JsonEvaluator:75 - C:/Users/m14/.m2/repository/org/hibernate/javax/persistence/hibernate-jpa-2.1-api/1.0.0.Final/hibernate-jpa-2.1-api-1.0.0.Final.jar
2021-07-07 14:51:34 [INFO ] c.p.p.JsonEvaluator:75 - C:/Users/m14/.jdks/adopt-openjdk-15.0.2!/java.management.rmi
2021-07-07 14:51:34 [INFO ] c.p.p.JsonEvaluator:75 - C:/Users/m14/.jdks/adopt-openjdk-15.0.2!/jdk.httpserver
2021-07-07 14:51:34 [INFO ] c.p.p.JsonEvaluator:75 - C:/Users/m14/.jdks/adopt-openjdk-15.0.2!/jdk.jlink
2021-07-07 14:51:34 [INFO ] c.p.p.JsonEvaluator:75 - C:/Users/m14/.jdks/adopt-openjdk-15.0.2!/jdk.unsupported.desktop
2021-07-07 14:51:34 [INFO ] c.p.p.JsonEvaluator:75 - C:/Users/m14/.m2/repository/org/hamcrest/hamcrest-core/1.3/hamcrest-core-1.3.jar
2021-07-07 14:51:34 [INFO ] c.p.p.JsonEvaluator:75 - C:/Users/m14/.jdks/adopt-openjdk-15.0.2!/jdk.jartool
2021-07-07 14:51:34 [INFO ] c.p.p.JsonEvaluator:75 - C:/Users/m14/.m2/repository/com/sun/istack/istack-commons-runtime/3.0.7/istack-commons-runtime-3.0.7.jar
2021-07-07 14:51:34 [INFO ] c.p.p.JsonEvaluator:75 - C:/Users/m14/.jdks/adopt-openjdk-15.0.2!/java.rmi
2021-07-07 14:51:35 [INFO ] c.p.p.IncrementalLauncher:278 - Build model from scratch...
2021-07-07 14:51:41 [INFO ] c.p.p.IncrementalLauncher:312 - Cache saving started.
2021-07-07 14:51:43 [INFO ] c.p.p.IncrementalLauncher:355 - Cache saving finished.
2021-07-07 14:51:43 [INFO ] c.p.p.Module:383 - Model build success.
